23-11-29 00:54:12.573 - INFO:   name: ffhq_scaler
  phase: train
  path:[
    log: experiments\ffhq_scaler\logs
    tb_logger: experiments\ffhq_scaler\tb_logger
    results: experiments\ffhq_scaler\results
    results_hr: experiments\ffhq_scaler\results/hr
    results_sr: experiments\ffhq_scaler\results/sr
    results_lr: experiments\ffhq_scaler\results/lr
    process: experiments\ffhq_scaler\results/process
    checkpoint: experiments\ffhq_scaler\checkpoint
    resume_state: checkpoints/face
    experiments_root: experiments\ffhq_scaler
  ]
  datasets:[
    train:[
      name: FFHQ
      mode: LRHR
      dataroot: ./dataset/ffhq_16_128
      datatype: img
      l_resolution: 16
      r_resolution: 128
      sample_q: None
      batch_size: 1
      num_workers: 8
      augment: True
      use_shuffle: False
      data_len: -1
    ]
    val:[
      name: CelebaHQ
      mode: LRHR
      dataroot: ./dataset/celebahq_16_128
      datatype: img
      l_resolution: 16
      r_resolution: 128
      batch_size: 1
      data_len: 100
    ]
  ]
  model:[
    which_model_G: sr3
    pretrained_encoder: True
    finetune_norm: False
    unet:[
      in_channel: 6
      out_channel: 3
      inner_channel: 64
      channel_multiplier: [1, 2, 4, 8, 8]
      attn_res: [16]
      res_blocks: 2
      dropout: 0.2
    ]
    beta_schedule:[
      train:[
        schedule: linear
        n_timestep: 2000
        linear_start: 1e-06
        linear_end: 0.01
      ]
      val:[
        schedule: linear
        n_timestep: 2000
        linear_start: 1e-06
        linear_end: 0.01
      ]
    ]
    diffusion:[
      image_size: 128
      channels: 3
      conditional: True
    ]
  ]
  train:[
    n_iter: 1000000
    val_freq: 3000.0
    save_checkpoint_freq: 3000.0
    print_freq: 200
    optimizer:[
      type: adam
      lr: 0.0001
    ]
    ema_scheduler:[
      step_start_ema: 5000
      update_ema_every: 1
      ema_decay: 0.9999
    ]
  ]
  wandb:[
    project: sr_ffhq
  ]
  use_ddim: False
  log_wandb_ckpt: False
  log_eval: False
  enable_wandb: False

23-11-29 00:54:52.770 - INFO: Dataset [LIIFDataset - FFHQ] is created.
